<?xml version="1.0" encoding="UTF-8"?>
<!-- Generated by org.testng.reporters.JUnitXMLReporter -->
<testsuite hostname="www-PC" ignored="0" name="Test" tests="3" failures="0" timestamp="02 Apr 2022 07:20:59 GMT" time="0.264" errors="0">
  <testcase name="@BeforeSuite setUp" time="1.148" classname="customer.CustomerRegister">
    <failure type="java.lang.NoSuchMethodError" message="org.apache.commons.io.IOUtils.toString(Ljava/io/InputStream;Ljava/nio/charset/Charset;)Ljava/lang/String;">
      <![CDATA[java.lang.NoSuchMethodError: org.apache.commons.io.IOUtils.toString(Ljava/io/InputStream;Ljava/nio/charset/Charset;)Ljava/lang/String;
at io.github.bonigarcia.wdm.versions.VersionDetector.getProperties(VersionDetector.java:302)
at io.github.bonigarcia.wdm.versions.VersionDetector.getBrowserVersionFromTheShell(VersionDetector.java:202)
at io.github.bonigarcia.wdm.WebDriverManager.getBrowserVersionFromTheShell(WebDriverManager.java:1063)
at io.github.bonigarcia.wdm.WebDriverManager.detectBrowserVersion(WebDriverManager.java:1083)
at io.github.bonigarcia.wdm.WebDriverManager.resolveDriverVersion(WebDriverManager.java:948)
at io.github.bonigarcia.wdm.WebDriverManager.manage(WebDriverManager.java:899)
at io.github.bonigarcia.wdm.WebDriverManager.setup(WebDriverManager.java:337)
at customer.CustomerRegister.setUp(CustomerRegister.java:42)
... Removed 23 stack frames]]>
    </failure>
  </testcase> <!-- @BeforeSuite setUp -->
  <testcase name="loginPage" time="0.0" classname="customer.CustomerRegister">
    <skipped/>
  </testcase> <!-- loginPage -->
  <testcase name="addEmployee" time="0.0" classname="customer.CustomerRegister">
    <skipped/>
  </testcase> <!-- addEmployee -->
  <testcase name="customerRegister" time="0.0" classname="customer.CustomerRegister">
    <skipped/>
  </testcase> <!-- customerRegister -->
</testsuite> <!-- Test -->
