<?xml version="1.0" encoding="UTF-8"?>
<testng-results skipped="0" failed="2" ignored="0" total="4" passed="2">
  <reporter-output>
  </reporter-output>
  <suite name="Default suite" duration-ms="78676" started-at="2022-03-30T12:46:44 IST" finished-at="2022-03-30T12:48:02 IST">
    <groups>
    </groups>
    <test name="Default test" duration-ms="78676" started-at="2022-03-30T12:46:44 IST" finished-at="2022-03-30T12:48:02 IST">
      <class name="customer.Login">
        <test-method status="PASS" signature="setUp()[pri:0, instance:customer.Login@13c27452]" name="setUp" is-config="true" duration-ms="16429" started-at="2022-03-30T12:46:27 IST" finished-at="2022-03-30T12:46:44 IST">
          <reporter-output>
          </reporter-output>
        </test-method> <!-- setUp -->
        <test-method status="FAIL" signature="c_customerRegister(java.lang.String,java.lang.String,java.lang.String,java.lang.String,java.lang.String,java.lang.String,java.lang.String,java.lang.String,java.lang.String,java.lang.String,java.lang.String,java.lang.String,java.lang.String,java.lang.String,java.lang.String,java.lang.String)[pri:0, instance:customer.Login@13c27452]" name="c_customerRegister" duration-ms="2025" started-at="2022-03-30T12:46:44 IST" data-provider="getTestData" finished-at="2022-03-30T12:46:47 IST">
          <params>
            <param index="0">
              <value>
                <![CDATA[pandi]]>
              </value>
            </param>
            <param index="1">
              <value>
                <![CDATA[santhosh]]>
              </value>
            </param>
            <param index="2">
              <value>
                <![CDATA[Male]]>
              </value>
            </param>
            <param index="3">
              <value>
                <![CDATA[5/281999]]>
              </value>
            </param>
            <param index="4">
              <value>
                <![CDATA[6.46564654E8]]>
              </value>
            </param>
            <param index="5">
              <value>
                <![CDATA[General]]>
              </value>
            </param>
            <param index="6">
              <value>
                <![CDATA[Outpatient]]>
              </value>
            </param>
            <param index="7">
              <value>
                <![CDATA[saidapet]]>
              </value>
            </param>
            <param index="8">
              <value>
                <![CDATA[saidapet]]>
              </value>
            </param>
            <param index="9">
              <value>
                <![CDATA[555555.0]]>
              </value>
            </param>
            <param index="10">
              <value>
                <![CDATA[India]]>
              </value>
            </param>
            <param index="11">
              <value>
                <![CDATA[Tamilnadu]]>
              </value>
            </param>
            <param index="12">
              <value>
                <![CDATA[Chennai]]>
              </value>
            </param>
            <param index="13">
              <value>
                <![CDATA[7.010911215E9]]>
              </value>
            </param>
            <param index="14">
              <value>
                <![CDATA[santhosh@gmail.com]]>
              </value>
            </param>
            <param index="15">
              <value>
                <![CDATA[18518.0]]>
              </value>
            </param>
          </params>
          <exception class="java.lang.NullPointerException">
            <full-stacktrace>
              <![CDATA[java.lang.NullPointerException
at java.util.Objects.requireNonNull(Objects.java:203)
at org.openqa.selenium.support.ui.FluentWait.<init>(FluentWait.java:106)
at org.openqa.selenium.support.ui.WebDriverWait.<init>(WebDriverWait.java:85)
at org.openqa.selenium.support.ui.WebDriverWait.<init>(WebDriverWait.java:45)
at customer.CustomerRegister.c_customerRegister(CustomerRegister.java:46)
at sun.reflect.NativeMethodAccessorImpl.invoke0(Native Method)
at sun.reflect.NativeMethodAccessorImpl.invoke(NativeMethodAccessorImpl.java:62)
at sun.reflect.DelegatingMethodAccessorImpl.invoke(DelegatingMethodAccessorImpl.java:43)
at java.lang.reflect.Method.invoke(Method.java:498)
at org.testng.internal.MethodInvocationHelper.invokeMethod(MethodInvocationHelper.java:133)
at org.testng.internal.TestInvoker.invokeMethod(TestInvoker.java:598)
at org.testng.internal.TestInvoker.invokeTestMethod(TestInvoker.java:173)
at org.testng.internal.MethodRunner.runInSequence(MethodRunner.java:46)
at org.testng.internal.TestInvoker$MethodInvocationAgent.invoke(TestInvoker.java:824)
at org.testng.internal.TestInvoker.invokeTestMethods(TestInvoker.java:146)
at org.testng.internal.TestMethodWorker.invokeTestMethods(TestMethodWorker.java:146)
at org.testng.internal.TestMethodWorker.run(TestMethodWorker.java:128)
at java.util.ArrayList.forEach(ArrayList.java:1257)
at org.testng.TestRunner.privateRun(TestRunner.java:794)
at org.testng.TestRunner.run(TestRunner.java:596)
at org.testng.SuiteRunner.runTest(SuiteRunner.java:377)
at org.testng.SuiteRunner.runSequentially(SuiteRunner.java:371)
at org.testng.SuiteRunner.privateRun(SuiteRunner.java:332)
at org.testng.SuiteRunner.run(SuiteRunner.java:276)
at org.testng.SuiteRunnerWorker.runSuite(SuiteRunnerWorker.java:53)
at org.testng.SuiteRunnerWorker.run(SuiteRunnerWorker.java:96)
at org.testng.TestNG.runSuitesSequentially(TestNG.java:1212)
at org.testng.TestNG.runSuitesLocally(TestNG.java:1134)
at org.testng.TestNG.runSuites(TestNG.java:1063)
at org.testng.TestNG.run(TestNG.java:1031)
at org.testng.remote.AbstractRemoteTestNG.run(AbstractRemoteTestNG.java:115)
at org.testng.remote.RemoteTestNG.initAndRun(RemoteTestNG.java:251)
at org.testng.remote.RemoteTestNG.main(RemoteTestNG.java:77)
]]>
            </full-stacktrace>
          </exception> <!-- java.lang.NullPointerException -->
          <reporter-output>
          </reporter-output>
        </test-method> <!-- c_customerRegister -->
        <test-method status="FAIL" signature="c_customerRegister(java.lang.String,java.lang.String,java.lang.String,java.lang.String,java.lang.String,java.lang.String,java.lang.String,java.lang.String,java.lang.String,java.lang.String,java.lang.String,java.lang.String,java.lang.String,java.lang.String,java.lang.String,java.lang.String)[pri:0, instance:customer.Login@13c27452]" name="c_customerRegister" duration-ms="2003" started-at="2022-03-30T12:46:47 IST" data-provider="getTestData" finished-at="2022-03-30T12:46:49 IST">
          <params>
            <param index="0">
              <value>
                <![CDATA[santhos]]>
              </value>
            </param>
            <param index="1">
              <value>
                <![CDATA[m]]>
              </value>
            </param>
            <param index="2">
              <value>
                <![CDATA[Female]]>
              </value>
            </param>
            <param index="3">
              <value>
                <![CDATA[1.1301998E7]]>
              </value>
            </param>
            <param index="4">
              <value>
                <![CDATA[5456456.0]]>
              </value>
            </param>
            <param index="5">
              <value>
                <![CDATA[General]]>
              </value>
            </param>
            <param index="6">
              <value>
                <![CDATA[Inpatient]]>
              </value>
            </param>
            <param index="7">
              <value>
                <![CDATA[sdsad]]>
              </value>
            </param>
            <param index="8">
              <value>
                <![CDATA[6465.0]]>
              </value>
            </param>
            <param index="9">
              <value>
                <![CDATA[6.8468464E7]]>
              </value>
            </param>
            <param index="10">
              <value>
                <![CDATA[India]]>
              </value>
            </param>
            <param index="11">
              <value>
                <![CDATA[Tamilnadu]]>
              </value>
            </param>
            <param index="12">
              <value>
                <![CDATA[Dindigul]]>
              </value>
            </param>
            <param index="13">
              <value>
                <![CDATA[2.5948947E8]]>
              </value>
            </param>
            <param index="14">
              <value>
                <![CDATA[santhos@gmail.com]]>
              </value>
            </param>
            <param index="15">
              <value>
                <![CDATA[2.5198514E7]]>
              </value>
            </param>
          </params>
          <exception class="java.lang.NullPointerException">
            <full-stacktrace>
              <![CDATA[java.lang.NullPointerException
at java.util.Objects.requireNonNull(Objects.java:203)
at org.openqa.selenium.support.ui.FluentWait.<init>(FluentWait.java:106)
at org.openqa.selenium.support.ui.WebDriverWait.<init>(WebDriverWait.java:85)
at org.openqa.selenium.support.ui.WebDriverWait.<init>(WebDriverWait.java:45)
at customer.CustomerRegister.c_customerRegister(CustomerRegister.java:46)
at sun.reflect.NativeMethodAccessorImpl.invoke0(Native Method)
at sun.reflect.NativeMethodAccessorImpl.invoke(NativeMethodAccessorImpl.java:62)
at sun.reflect.DelegatingMethodAccessorImpl.invoke(DelegatingMethodAccessorImpl.java:43)
at java.lang.reflect.Method.invoke(Method.java:498)
at org.testng.internal.MethodInvocationHelper.invokeMethod(MethodInvocationHelper.java:133)
at org.testng.internal.TestInvoker.invokeMethod(TestInvoker.java:598)
at org.testng.internal.TestInvoker.invokeTestMethod(TestInvoker.java:173)
at org.testng.internal.MethodRunner.runInSequence(MethodRunner.java:46)
at org.testng.internal.TestInvoker$MethodInvocationAgent.invoke(TestInvoker.java:824)
at org.testng.internal.TestInvoker.invokeTestMethods(TestInvoker.java:146)
at org.testng.internal.TestMethodWorker.invokeTestMethods(TestMethodWorker.java:146)
at org.testng.internal.TestMethodWorker.run(TestMethodWorker.java:128)
at java.util.ArrayList.forEach(ArrayList.java:1257)
at org.testng.TestRunner.privateRun(TestRunner.java:794)
at org.testng.TestRunner.run(TestRunner.java:596)
at org.testng.SuiteRunner.runTest(SuiteRunner.java:377)
at org.testng.SuiteRunner.runSequentially(SuiteRunner.java:371)
at org.testng.SuiteRunner.privateRun(SuiteRunner.java:332)
at org.testng.SuiteRunner.run(SuiteRunner.java:276)
at org.testng.SuiteRunnerWorker.runSuite(SuiteRunnerWorker.java:53)
at org.testng.SuiteRunnerWorker.run(SuiteRunnerWorker.java:96)
at org.testng.TestNG.runSuitesSequentially(TestNG.java:1212)
at org.testng.TestNG.runSuitesLocally(TestNG.java:1134)
at org.testng.TestNG.runSuites(TestNG.java:1063)
at org.testng.TestNG.run(TestNG.java:1031)
at org.testng.remote.AbstractRemoteTestNG.run(AbstractRemoteTestNG.java:115)
at org.testng.remote.RemoteTestNG.initAndRun(RemoteTestNG.java:251)
at org.testng.remote.RemoteTestNG.main(RemoteTestNG.java:77)
]]>
            </full-stacktrace>
          </exception> <!-- java.lang.NullPointerException -->
          <reporter-output>
          </reporter-output>
        </test-method> <!-- c_customerRegister -->
        <test-method status="PASS" signature="a_login()[pri:0, instance:customer.Login@13c27452]" name="a_login" duration-ms="9412" started-at="2022-03-30T12:46:49 IST" finished-at="2022-03-30T12:46:58 IST">
          <reporter-output>
          </reporter-output>
        </test-method> <!-- a_login -->
        <test-method status="PASS" signature="b_addemployee()[pri:0, instance:customer.Login@13c27452]" name="b_addemployee" duration-ms="64472" started-at="2022-03-30T12:46:58 IST" finished-at="2022-03-30T12:48:02 IST">
          <reporter-output>
          </reporter-output>
        </test-method> <!-- b_addemployee -->
        <test-method status="PASS" signature="tearDown()[pri:0, instance:customer.Login@13c27452]" name="tearDown" is-config="true" duration-ms="1" started-at="2022-03-30T12:48:02 IST" finished-at="2022-03-30T12:48:02 IST">
          <reporter-output>
          </reporter-output>
        </test-method> <!-- tearDown -->
      </class> <!-- customer.Login -->
    </test> <!-- Default test -->
  </suite> <!-- Default suite -->
</testng-results>
