<?xml version="1.0" encoding="UTF-8"?>
<testng-results skipped="0" failed="1" ignored="0" total="4" passed="3">
  <reporter-output>
  </reporter-output>
  <suite name="medeil" duration-ms="132185" started-at="2022-04-02T10:24:45 IST" finished-at="2022-04-02T10:26:57 IST">
    <groups>
    </groups>
    <test name="Test" duration-ms="132185" started-at="2022-04-02T10:24:45 IST" finished-at="2022-04-02T10:26:57 IST">
      <class name="customer.CustomerRegister">
        <test-method status="PASS" signature="setUp()[pri:0, instance:customer.CustomerRegister@64f6106c]" name="setUp" is-config="true" duration-ms="16068" started-at="2022-04-02T10:24:29 IST" finished-at="2022-04-02T10:24:45 IST">
          <reporter-output>
          </reporter-output>
        </test-method> <!-- setUp -->
        <test-method status="PASS" signature="loginPage(java.lang.String,java.lang.String)[pri:0, instance:customer.CustomerRegister@64f6106c]" name="loginPage" duration-ms="15103" started-at="2022-04-02T10:24:46 IST" data-provider="getTestData1" finished-at="2022-04-02T10:25:01 IST">
          <params>
            <param index="0">
              <value>
                <![CDATA[venkateshtitaniumhq@gmail.com]]>
              </value>
            </param>
            <param index="1">
              <value>
                <![CDATA[Medeil]]>
              </value>
            </param>
          </params>
          <reporter-output>
          </reporter-output>
        </test-method> <!-- loginPage -->
        <test-method status="FAIL" signature="addEmployee()[pri:1, instance:customer.CustomerRegister@64f6106c]" name="addEmployee" duration-ms="21787" started-at="2022-04-02T10:25:01 IST" finished-at="2022-04-02T10:25:23 IST">
          <exception class="org.openqa.selenium.ElementNotInteractableException">
            <message>
              <![CDATA[element not interactable
  (Session info: chrome=100.0.4896.60)
Build info: version: 'unknown', revision: 'unknown', time: 'unknown'
System info: host: 'WWW-PC', ip: '192.168.1.42', os.name: 'Windows 7', os.arch: 'amd64', os.version: '6.1', java.version: '1.8.0_202'
Driver info: org.openqa.selenium.chrome.ChromeDriver
Capabilities {acceptInsecureCerts: false, browserName: chrome, browserVersion: 100.0.4896.60, chrome: {chromedriverVersion: 100.0.4896.60 (6a5d10861ce8..., userDataDir: C:\Users\www\AppData\Local\...}, goog:chromeOptions: {debuggerAddress: localhost:50554}, javascriptEnabled: true, networkConnectionEnabled: false, pageLoadStrategy: normal, platform: WINDOWS, platformName: WINDOWS, proxy: Proxy(), setWindowRect: true, strictFileInteractability: false, timeouts: {implicit: 0, pageLoad: 300000, script: 30000}, unhandledPromptBehavior: dismiss and notify, webauthn:extension:credBlob: true, webauthn:extension:largeBlob: true, webauthn:virtualAuthenticators: true}
Session ID: 02ba198137df3afc3cebec21bc2dc81b]]>
            </message>
            <full-stacktrace>
              <![CDATA[org.openqa.selenium.ElementNotInteractableException: element not interactable
  (Session info: chrome=100.0.4896.60)
Build info: version: 'unknown', revision: 'unknown', time: 'unknown'
System info: host: 'WWW-PC', ip: '192.168.1.42', os.name: 'Windows 7', os.arch: 'amd64', os.version: '6.1', java.version: '1.8.0_202'
Driver info: org.openqa.selenium.chrome.ChromeDriver
Capabilities {acceptInsecureCerts: false, browserName: chrome, browserVersion: 100.0.4896.60, chrome: {chromedriverVersion: 100.0.4896.60 (6a5d10861ce8..., userDataDir: C:\Users\www\AppData\Local\...}, goog:chromeOptions: {debuggerAddress: localhost:50554}, javascriptEnabled: true, networkConnectionEnabled: false, pageLoadStrategy: normal, platform: WINDOWS, platformName: WINDOWS, proxy: Proxy(), setWindowRect: true, strictFileInteractability: false, timeouts: {implicit: 0, pageLoad: 300000, script: 30000}, unhandledPromptBehavior: dismiss and notify, webauthn:extension:credBlob: true, webauthn:extension:largeBlob: true, webauthn:virtualAuthenticators: true}
Session ID: 02ba198137df3afc3cebec21bc2dc81b
at sun.reflect.NativeConstructorAccessorImpl.newInstance0(Native Method)
at sun.reflect.NativeConstructorAccessorImpl.newInstance(NativeConstructorAccessorImpl.java:62)
at sun.reflect.DelegatingConstructorAccessorImpl.newInstance(DelegatingConstructorAccessorImpl.java:45)
at java.lang.reflect.Constructor.newInstance(Constructor.java:423)
at org.openqa.selenium.remote.http.W3CHttpResponseCodec.createException(W3CHttpResponseCodec.java:187)
at org.openqa.selenium.remote.http.W3CHttpResponseCodec.decode(W3CHttpResponseCodec.java:122)
at org.openqa.selenium.remote.http.W3CHttpResponseCodec.decode(W3CHttpResponseCodec.java:49)
at org.openqa.selenium.remote.HttpCommandExecutor.execute(HttpCommandExecutor.java:158)
at org.openqa.selenium.remote.service.DriverCommandExecutor.execute(DriverCommandExecutor.java:83)
at org.openqa.selenium.remote.RemoteWebDriver.execute(RemoteWebDriver.java:552)
at org.openqa.selenium.remote.RemoteWebElement.execute(RemoteWebElement.java:285)
at org.openqa.selenium.remote.RemoteWebElement.click(RemoteWebElement.java:84)
at customer.CustomerRegister.addEmployee(CustomerRegister.java:87)
at sun.reflect.NativeMethodAccessorImpl.invoke0(Native Method)
at sun.reflect.NativeMethodAccessorImpl.invoke(NativeMethodAccessorImpl.java:62)
at sun.reflect.DelegatingMethodAccessorImpl.invoke(DelegatingMethodAccessorImpl.java:43)
at java.lang.reflect.Method.invoke(Method.java:498)
at org.testng.internal.MethodInvocationHelper.invokeMethod(MethodInvocationHelper.java:133)
at org.testng.internal.TestInvoker.invokeMethod(TestInvoker.java:598)
at org.testng.internal.TestInvoker.invokeTestMethod(TestInvoker.java:173)
at org.testng.internal.MethodRunner.runInSequence(MethodRunner.java:46)
at org.testng.internal.TestInvoker$MethodInvocationAgent.invoke(TestInvoker.java:824)
at org.testng.internal.TestInvoker.invokeTestMethods(TestInvoker.java:146)
at org.testng.internal.TestMethodWorker.invokeTestMethods(TestMethodWorker.java:146)
at org.testng.internal.TestMethodWorker.run(TestMethodWorker.java:128)
at java.util.concurrent.ThreadPoolExecutor.runWorker(ThreadPoolExecutor.java:1149)
at java.util.concurrent.ThreadPoolExecutor$Worker.run(ThreadPoolExecutor.java:624)
at java.lang.Thread.run(Thread.java:748)
]]>
            </full-stacktrace>
          </exception> <!-- org.openqa.selenium.ElementNotInteractableException -->
          <reporter-output>
          </reporter-output>
        </test-method> <!-- addEmployee -->
        <test-method status="PASS" signature="customerRegister(java.lang.String,java.lang.String,java.lang.String,java.lang.String,java.lang.String,java.lang.String,java.lang.String,java.lang.String,java.lang.String,java.lang.String,java.lang.String,java.lang.String,java.lang.String,java.lang.String,java.lang.String,java.lang.String)[pri:2, instance:customer.CustomerRegister@64f6106c]" name="customerRegister" duration-ms="48047" started-at="2022-04-02T10:25:23 IST" data-provider="getTestData" finished-at="2022-04-02T10:26:11 IST">
          <params>
            <param index="0">
              <value>
                <![CDATA[pandi]]>
              </value>
            </param>
            <param index="1">
              <value>
                <![CDATA[santhosh]]>
              </value>
            </param>
            <param index="2">
              <value>
                <![CDATA[Male]]>
              </value>
            </param>
            <param index="3">
              <value>
                <![CDATA[28/41/99]]>
              </value>
            </param>
            <param index="4">
              <value>
                <![CDATA[6.46564654E8]]>
              </value>
            </param>
            <param index="5">
              <value>
                <![CDATA[General]]>
              </value>
            </param>
            <param index="6">
              <value>
                <![CDATA[Outpatient]]>
              </value>
            </param>
            <param index="7">
              <value>
                <![CDATA[saidapet]]>
              </value>
            </param>
            <param index="8">
              <value>
                <![CDATA[saidapet]]>
              </value>
            </param>
            <param index="9">
              <value>
                <![CDATA[555555.0]]>
              </value>
            </param>
            <param index="10">
              <value>
                <![CDATA[India]]>
              </value>
            </param>
            <param index="11">
              <value>
                <![CDATA[Tamilnadu]]>
              </value>
            </param>
            <param index="12">
              <value>
                <![CDATA[Chennai]]>
              </value>
            </param>
            <param index="13">
              <value>
                <![CDATA[7.010911215E9]]>
              </value>
            </param>
            <param index="14">
              <value>
                <![CDATA[santhosh@gmail.com]]>
              </value>
            </param>
            <param index="15">
              <value>
                <![CDATA[18518.0]]>
              </value>
            </param>
          </params>
          <reporter-output>
          </reporter-output>
        </test-method> <!-- customerRegister -->
        <test-method status="PASS" signature="customerRegister(java.lang.String,java.lang.String,java.lang.String,java.lang.String,java.lang.String,java.lang.String,java.lang.String,java.lang.String,java.lang.String,java.lang.String,java.lang.String,java.lang.String,java.lang.String,java.lang.String,java.lang.String,java.lang.String)[pri:2, instance:customer.CustomerRegister@64f6106c]" name="customerRegister" duration-ms="46335" started-at="2022-04-02T10:26:11 IST" data-provider="getTestData" finished-at="2022-04-02T10:26:57 IST">
          <params>
            <param index="0">
              <value>
                <![CDATA[santhos]]>
              </value>
            </param>
            <param index="1">
              <value>
                <![CDATA[m]]>
              </value>
            </param>
            <param index="2">
              <value>
                <![CDATA[Female]]>
              </value>
            </param>
            <param index="3">
              <value>
                <![CDATA[30/01/98]]>
              </value>
            </param>
            <param index="4">
              <value>
                <![CDATA[5456456.0]]>
              </value>
            </param>
            <param index="5">
              <value>
                <![CDATA[General]]>
              </value>
            </param>
            <param index="6">
              <value>
                <![CDATA[Inpatient]]>
              </value>
            </param>
            <param index="7">
              <value>
                <![CDATA[sdsad]]>
              </value>
            </param>
            <param index="8">
              <value>
                <![CDATA[6465.0]]>
              </value>
            </param>
            <param index="9">
              <value>
                <![CDATA[6.8468464E7]]>
              </value>
            </param>
            <param index="10">
              <value>
                <![CDATA[India]]>
              </value>
            </param>
            <param index="11">
              <value>
                <![CDATA[Tamilnadu]]>
              </value>
            </param>
            <param index="12">
              <value>
                <![CDATA[Dindigul]]>
              </value>
            </param>
            <param index="13">
              <value>
                <![CDATA[2.5948947E8]]>
              </value>
            </param>
            <param index="14">
              <value>
                <![CDATA[santhos@gmail.com]]>
              </value>
            </param>
            <param index="15">
              <value>
                <![CDATA[2.5198514E7]]>
              </value>
            </param>
          </params>
          <reporter-output>
          </reporter-output>
        </test-method> <!-- customerRegister -->
        <test-method status="PASS" signature="tearDown()[pri:0, instance:customer.CustomerRegister@64f6106c]" name="tearDown" is-config="true" duration-ms="2196" started-at="2022-04-02T10:26:58 IST" finished-at="2022-04-02T10:27:00 IST">
          <reporter-output>
          </reporter-output>
        </test-method> <!-- tearDown -->
      </class> <!-- customer.CustomerRegister -->
    </test> <!-- Test -->
  </suite> <!-- medeil -->
</testng-results>
