<?xml version="1.0" encoding="UTF-8"?>
<!-- Generated by org.testng.reporters.JUnitXMLReporter -->
<testsuite hostname="www-PC" ignored="0" name="Test" tests="3" failures="0" timestamp="2022-03-22T15:55:50 IST" time="84.19" errors="0">
  <testcase name="a_login" time="14.731" classname="customer.CustomerRegister"/>
  <testcase name="b_customerRegister" time="34.448" classname="customer.CustomerRegister"/>
  <testcase name="b_customerRegister" time="33.965" classname="customer.CustomerRegister"/>
</testsuite> <!-- Test -->
